<?xml version="1.0" encoding="UTF-8"?>
<!-- Generated by org.testng.reporters.JUnitXMLReporter -->
<testsuite ignored="0" hostname="Abhitoshs-MacBook-Pro.local" failures="0" tests="6" name="Create User Test" time="0.032" errors="0" timestamp="2022-05-26T20:48:29 EDT">
  <testcase classname="testcases.suitea.CreateUser" name="createUser" time="0.002"/>
  <testcase classname="testcases.suitea.CreateUser" name="createUser" time="0.001"/>
  <testcase classname="testcases.suitea.CreateUser" name="createUser" time="0.003"/>
  <testcase classname="testcases.suitea.CreateUser" name="deleteUser" time="0.004"/>
  <testcase classname="testcases.suitea.CreateUser" name="deleteUser" time="0.002"/>
  <testcase classname="testcases.suitea.CreateUser" name="deleteUser" time="0.001"/>
</testsuite> <!-- Create User Test -->
