<?xml version="1.0" encoding="UTF-8"?>
<!-- Generated by org.testng.reporters.JUnitXMLReporter -->
<testsuite ignored="0" hostname="Abhitoshs-MacBook-Pro.local" failures="0" tests="3" name="Purchase Phone Test" time="0.022" errors="0" timestamp="2022-05-26T20:48:29 EDT">
  <testcase classname="testcases.suiteb.SearchAndBuyPhone" name="search" time="0.002"/>
  <testcase classname="testcases.suiteb.SearchAndBuyPhone" name="selectPhone" time="0.001"/>
  <testcase classname="testcases.suiteb.SearchAndBuyPhone" name="checkout" time="0.002"/>
</testsuite> <!-- Purchase Phone Test -->
